<?xml version="1.0" encoding="UTF-8"?>
<!-- Generated by org.testng.reporters.JUnitXMLReporter -->
<testsuite ignored="3" hostname="BhushanPatil" failures="0" tests="2" name="Default test(failed)" time="0.061" errors="0" timestamp="2023-06-18T18:49:02 IST">
  <testcase classname="TestNG_Practice.example9" name="TC1" time="0.009"/>
  <testcase classname="TestNG_Practice.example9" name="TC2" time="0.0"/>
  <testcase classname="TestNG_Practice.example9" name="TC5" time="0.0">
    <ignored/>
  </testcase> <!-- TC5 -->
  <testcase classname="TestNG_Practice.example9" name="TC3" time="0.0">
    <ignored/>
  </testcase> <!-- TC3 -->
  <testcase classname="TestNG_Practice.example9" name="TC4" time="0.0">
    <ignored/>
  </testcase> <!-- TC4 -->
</testsuite> <!-- Default test(failed) -->
