<?xml version="1.0" encoding="UTF-8"?>
<!-- Generated by org.testng.reporters.JUnitXMLReporter -->
<testsuite ignored="1" hostname="BhushanPatil" failures="0" tests="4" name="Default test" time="0.082" errors="0" timestamp="2025-02-18T21:08:10 IST">
  <testcase classname="DataProvider_TestNG.DataProvider_Test" name="test" time="0.007"/>
  <testcase classname="DataProvider_TestNG.DataProvider_Test" name="test" time="0.001"/>
  <testcase classname="DataProvider_TestNG.DataProvider_Test" name="test" time="0.0"/>
  <testcase classname="DataProvider_TestNG.DataProvider_Test" name="test" time="0.001"/>
  <testcase classname="DataProvider_TestNG.DataProvider_Test" name="test" time="0.0">
    <ignored/>
  </testcase> <!-- test -->
</testsuite> <!-- Default test -->
