<?xml version="1.0" encoding="UTF-8"?>
<!-- Generated by org.testng.reporters.JUnitXMLReporter -->
<testsuite ignored="0" hostname="BhushanPatil" failures="0" tests="4" name="Default test" time="17.13" errors="0" timestamp="2023-07-29T12:49:07 IST">
  <testcase classname="AllSeleniumPrograme.invocationTimeOut_TreadPoolSize" name="Test" time="11.786"/>
  <testcase classname="AllSeleniumPrograme.invocationTimeOut_TreadPoolSize" name="Test" time="11.786"/>
  <testcase classname="AllSeleniumPrograme.invocationTimeOut_TreadPoolSize" name="Test" time="11.834"/>
  <testcase classname="AllSeleniumPrograme.invocationTimeOut_TreadPoolSize" name="Test" time="5.27"/>
</testsuite> <!-- Default test -->
