<?xml version="1.0" encoding="UTF-8"?>
<!-- Generated by org.testng.reporters.JUnitXMLReporter -->
<testsuite ignored="2" hostname="BhushanPatil" failures="0" tests="1" name="CombinedGroupTest" time="0.062" errors="0" timestamp="2025-02-16T16:19:34 IST">
  <testcase classname="TestNG_Practice.GroupExampleTest" name="testMethod1" time="0.012"/>
  <testcase classname="TestNG_Practice.GroupExampleTest" name="testMethod2" time="0.0">
    <ignored/>
  </testcase> <!-- testMethod2 -->
  <testcase classname="TestNG_Practice.GroupExampleTest" name="testMethod3" time="0.0">
    <ignored/>
  </testcase> <!-- testMethod3 -->
</testsuite> <!-- CombinedGroupTest -->
