<?xml version="1.0" encoding="UTF-8"?>
<!-- Generated by org.testng.reporters.JUnitXMLReporter -->
<testsuite ignored="3" hostname="BhushanPatil" failures="0" tests="0" time="0.026" errors="0" timestamp="2025-02-16T14:47:29 IST">
  <testcase classname="TestNG_Practice.GroupExampleTest" name="testMethod2" time="0.0">
    <ignored/>
  </testcase> <!-- testMethod2 -->
  <testcase classname="TestNG_Practice.GroupExampleTest" name="testMethod1" time="0.0">
    <ignored/>
  </testcase> <!-- testMethod1 -->
  <testcase classname="TestNG_Practice.GroupExampleTest" name="testMethod3" time="0.0">
    <ignored/>
  </testcase> <!-- testMethod3 -->
</testsuite>
