<?xml version="1.0" encoding="UTF-8"?>
<!-- Generated by org.testng.reporters.JUnitXMLReporter -->
<testsuite ignored="0" hostname="BhushanPatil" failures="0" tests="3" name="Test1" time="27.279" errors="0" timestamp="2023-09-22T11:03:39 IST">
  <testcase classname="AllSeleniumPrograme.Tread_Count_Example2" name="M4" time="9.002"/>
  <testcase classname="AllSeleniumPrograme.Tread_Count_Example2" name="M5" time="9.154"/>
  <testcase classname="AllSeleniumPrograme.Tread_Count_Example2" name="M6" time="9.121"/>
</testsuite> <!-- Test1 -->
