<?xml version="1.0" encoding="UTF-8"?>
<!-- Generated by org.testng.reporters.JUnitXMLReporter -->
<testsuite ignored="0" hostname="BhushanPatil" failures="1" tests="7" name="Test" time="0.055" errors="0" timestamp="2023-06-10T10:19:38 IST">
  <testcase classname="TestNG.example6_Sample1" name="TC1" time="0.007"/>
  <testcase classname="TestNG.example6_Sample1" name="TC2" time="0.001"/>
  <testcase classname="TestNG.example6_Sample1" name="TC3" time="0.001"/>
  <testcase classname="TestNG.example6_Sample1" name="TC4" time="0.0"/>
  <testcase classname="TestNG.example6_Sample2" name="TC5" time="0.003">
    <failure type="java.lang.Error" message="Unresolved compilation problem: 
	Syntax error, insert &amp;quot;;&amp;quot; to complete BlockStatements
">
      <![CDATA[java.lang.Error: Unresolved compilation problem: 
Syntax error, insert ";" to complete BlockStatements

at TestNG.example6_Sample2.TC5(example6_Sample2.java:12)
at java.base/java.util.ArrayList.forEach(ArrayList.java:1541)
... Removed 27 stack frames]]>
    </failure>
  </testcase> <!-- TC5 -->
  <testcase classname="TestNG.example6_Sample2" name="TC6" time="0.0"/>
  <testcase classname="TestNG.example6_Sample2" name="TC7" time="0.003"/>
</testsuite> <!-- Test -->
