<?xml version="1.0" encoding="UTF-8"?>
<!-- Generated by org.testng.reporters.JUnitXMLReporter -->
<testsuite ignored="0" hostname="BhushanPatil" failures="0" tests="6" name="Test1" time="31.401" errors="0" timestamp="2023-07-27T23:52:17 IST">
  <testcase classname="AllSeleniumPrograme.Tread_Count_Example1" name="M1" time="22.013"/>
  <testcase classname="AllSeleniumPrograme.Tread_Count_Example1" name="M2" time="22.013"/>
  <testcase classname="AllSeleniumPrograme.Tread_Count_Example2" name="M6" time="23.403"/>
  <testcase classname="AllSeleniumPrograme.Tread_Count_Example1" name="M3" time="24.888"/>
  <testcase classname="AllSeleniumPrograme.Tread_Count_Example2" name="M5" time="26.94"/>
  <testcase classname="AllSeleniumPrograme.Tread_Count_Example2" name="M4" time="31.396"/>
</testsuite> <!-- Test1 -->
