<?xml version="1.0" encoding="UTF-8"?>
<!-- Generated by org.testng.reporters.JUnitXMLReporter -->
<testsuite ignored="5" hostname="BhushanPatil" failures="0" tests="2" name="Test(failed)" time="0.068" errors="0" timestamp="2023-06-14T23:28:31 IST">
  <testcase classname="TestNG.example6_Sample2" name="TC7" time="0.008"/>
  <testcase classname="TestNG.example6_Sample1" name="TC4" time="0.001"/>
  <testcase classname="TestNG.example6_Sample1" name="TC3" time="0.0">
    <ignored/>
  </testcase> <!-- TC3 -->
  <testcase classname="TestNG.example6_Sample1" name="TC1" time="0.0">
    <ignored/>
  </testcase> <!-- TC1 -->
  <testcase classname="TestNG.example6_Sample1" name="TC2" time="0.0">
    <ignored/>
  </testcase> <!-- TC2 -->
  <testcase classname="TestNG.example6_Sample2" name="TC5" time="0.0">
    <ignored/>
  </testcase> <!-- TC5 -->
  <testcase classname="TestNG.example6_Sample2" name="TC6" time="0.0">
    <ignored/>
  </testcase> <!-- TC6 -->
</testsuite> <!-- Test(failed) -->
