<?xml version="1.0" encoding="UTF-8"?>
<!-- Generated by org.testng.reporters.JUnitXMLReporter -->
<testsuite ignored="0" hostname="BhushanPatil" failures="1" tests="1" name="Test2" time="6.848" errors="0" timestamp="2023-07-22T23:15:04 IST">
  <testcase classname="TestNG.example12_MultiBrowser_Testing" name="TC1" time="6.844">
    <failure type="org.openqa.selenium.NoSuchWindowException" message="Browsing context has been discarded
Build info: version: &amp;apos;4.8.3&amp;apos;, revision: &amp;apos;b19b418e60&amp;apos;
System info: os.name: &amp;apos;Windows 11&amp;apos;, os.arch: &amp;apos;amd64&amp;apos;, os.version: &amp;apos;10.0&amp;apos;, java.version: &amp;apos;11.0.18&amp;apos;
Driver info: org.openqa.selenium.firefox.FirefoxDriver
Command: [016e27ca-63d2-4dab-a28e-a5a674b83c36, maximizeCurrentWindow {}]
Capabilities {acceptInsecureCerts: true, browserName: firefox, browserVersion: 115.0.2, moz:accessibilityChecks: false, moz:buildID: 20230710165010, moz:debuggerAddress: 127.0.0.1:45141, moz:geckodriverVersion: 0.33.0, moz:headless: false, moz:platformVersion: 10.0, moz:processID: 13276, moz:profile: C:\Users\bvp13\AppData\Loca..., moz:shutdownTimeout: 60000, moz:useNonSpecCompliantPointerOrigin: false, moz:webdriverClick: true, moz:windowless: false, pageLoadStrategy: normal, platformName: WINDOWS, proxy: Proxy(), se:cdp: ws://127.0.0.1:45141/devtoo..., se:cdpVersion: 85.0, setWindowRect: true, strictFileInteractability: false, timeouts: {implicit: 0, pageLoad: 300000, script: 30000}, unhandledPromptBehavior: dismiss and notify}
Session ID: 016e27ca-63d2-4dab-a28e-a5a674b83c36">
      <![CDATA[org.openqa.selenium.NoSuchWindowException: Browsing context has been discarded
Build info: version: '4.8.3', revision: 'b19b418e60'
System info: os.name: 'Windows 11', os.arch: 'amd64', os.version: '10.0', java.version: '11.0.18'
Driver info: org.openqa.selenium.firefox.FirefoxDriver
Command: [016e27ca-63d2-4dab-a28e-a5a674b83c36, maximizeCurrentWindow {}]
Capabilities {acceptInsecureCerts: true, browserName: firefox, browserVersion: 115.0.2, moz:accessibilityChecks: false, moz:buildID: 20230710165010, moz:debuggerAddress: 127.0.0.1:45141, moz:geckodriverVersion: 0.33.0, moz:headless: false, moz:platformVersion: 10.0, moz:processID: 13276, moz:profile: C:\Users\bvp13\AppData\Loca..., moz:shutdownTimeout: 60000, moz:useNonSpecCompliantPointerOrigin: false, moz:webdriverClick: true, moz:windowless: false, pageLoadStrategy: normal, platformName: WINDOWS, proxy: Proxy(), se:cdp: ws://127.0.0.1:45141/devtoo..., se:cdpVersion: 85.0, setWindowRect: true, strictFileInteractability: false, timeouts: {implicit: 0, pageLoad: 300000, script: 30000}, unhandledPromptBehavior: dismiss and notify}
Session ID: 016e27ca-63d2-4dab-a28e-a5a674b83c36
at org.openqa.selenium.remote.codec.w3c.W3CHttpResponseCodec.createException(W3CHttpResponseCodec.java:200)
at org.openqa.selenium.remote.codec.w3c.W3CHttpResponseCodec.decode(W3CHttpResponseCodec.java:133)
at org.openqa.selenium.remote.codec.w3c.W3CHttpResponseCodec.decode(W3CHttpResponseCodec.java:53)
at org.openqa.selenium.remote.HttpCommandExecutor.execute(HttpCommandExecutor.java:193)
at org.openqa.selenium.remote.service.DriverCommandExecutor.invokeExecute(DriverCommandExecutor.java:183)
at org.openqa.selenium.remote.service.DriverCommandExecutor.execute(DriverCommandExecutor.java:158)
at org.openqa.selenium.remote.RemoteWebDriver.execute(RemoteWebDriver.java:543)
at org.openqa.selenium.remote.RemoteWebDriver.execute(RemoteWebDriver.java:598)
at org.openqa.selenium.remote.RemoteWebDriver.execute(RemoteWebDriver.java:602)
at org.openqa.selenium.remote.RemoteWebDriver$RemoteWebDriverOptions$RemoteWindow.maximize(RemoteWebDriver.java:953)
at TestNG.example12_MultiBrowser_Testing.TC1(example12_MultiBrowser_Testing.java:35)
at java.base/java.util.ArrayList.forEach(ArrayList.java:1541)
... Removed 31 stack frames]]>
    </failure>
  </testcase> <!-- TC1 -->
</testsuite> <!-- Test2 -->
