<?xml version="1.0" encoding="UTF-8"?>
<testng-results ignored="0" total="4" passed="4" failed="0" skipped="0">
  <reporter-output>
  </reporter-output>
  <suite started-at="2025-02-18T21:08:10 IST" name="Default suite" finished-at="2025-02-18T21:08:10 IST" duration-ms="82">
    <groups>
    </groups>
    <test started-at="2025-02-18T21:08:10 IST" name="Default test" finished-at="2025-02-18T21:08:10 IST" duration-ms="82">
      <class name="DataProvider_TestNG.DataProvider_Test">
        <test-method signature="test(java.lang.String,java.lang.String,java.lang.String)[pri:0, instance:DataProvider_TestNG.DataProvider_Test@28cda624]" started-at="2025-02-18T21:08:10 IST" name="test" data-provider="create" finished-at="2025-02-18T21:08:10 IST" duration-ms="7" status="PASS">
          <params>
            <param index="0">
              <value>
                <![CDATA[username1]]>
              </value>
            </param>
            <param index="1">
              <value>
                <![CDATA[password1]]>
              </value>
            </param>
            <param index="2">
              <value>
                <![CDATA[test1]]>
              </value>
            </param>
          </params>
          <reporter-output>
          </reporter-output>
        </test-method> <!-- test -->
        <test-method signature="test(java.lang.String,java.lang.String,java.lang.String)[pri:0, instance:DataProvider_TestNG.DataProvider_Test@28cda624]" started-at="2025-02-18T21:08:10 IST" name="test" data-provider="create" finished-at="2025-02-18T21:08:10 IST" duration-ms="1" status="PASS">
          <params>
            <param index="0">
              <value>
                <![CDATA[username2]]>
              </value>
            </param>
            <param index="1">
              <value>
                <![CDATA[password2]]>
              </value>
            </param>
            <param index="2">
              <value>
                <![CDATA[test2]]>
              </value>
            </param>
          </params>
          <reporter-output>
          </reporter-output>
        </test-method> <!-- test -->
        <test-method signature="test(java.lang.String,java.lang.String,java.lang.String)[pri:0, instance:DataProvider_TestNG.DataProvider_Test@28cda624]" started-at="2025-02-18T21:08:10 IST" name="test" data-provider="create" finished-at="2025-02-18T21:08:10 IST" duration-ms="0" status="PASS">
          <params>
            <param index="0">
              <value>
                <![CDATA[username3]]>
              </value>
            </param>
            <param index="1">
              <value>
                <![CDATA[password3]]>
              </value>
            </param>
            <param index="2">
              <value>
                <![CDATA[test3]]>
              </value>
            </param>
          </params>
          <reporter-output>
          </reporter-output>
        </test-method> <!-- test -->
        <test-method signature="test(java.lang.String,java.lang.String,java.lang.String)[pri:0, instance:DataProvider_TestNG.DataProvider_Test@28cda624]" started-at="2025-02-18T21:08:10 IST" name="test" data-provider="create" finished-at="2025-02-18T21:08:10 IST" duration-ms="1" status="PASS">
          <params>
            <param index="0">
              <value>
                <![CDATA[username4]]>
              </value>
            </param>
            <param index="1">
              <value>
                <![CDATA[password4]]>
              </value>
            </param>
            <param index="2">
              <value>
                <![CDATA[test4]]>
              </value>
            </param>
          </params>
          <reporter-output>
          </reporter-output>
        </test-method> <!-- test -->
      </class> <!-- DataProvider_TestNG.DataProvider_Test -->
    </test> <!-- Default test -->
  </suite> <!-- Default suite -->
</testng-results>
