<?xml version="1.0" encoding="UTF-8"?>
<testng-results ignored="0" total="1" passed="1" failed="0" skipped="0">
  <reporter-output>
  </reporter-output>
  <suite started-at="2023-07-07T13:17:29 IST" name="Default suite" finished-at="2023-07-07T13:17:35 IST" duration-ms="5974">
    <groups>
    </groups>
    <test started-at="2023-07-07T13:17:29 IST" name="Default test" finished-at="2023-07-07T13:17:35 IST" duration-ms="5974">
      <class name="Selenium_Axes.Axes_facebook">
        <test-method signature="Example()[pri:0, instance:Selenium_Axes.Axes_facebook@65987993]" started-at="2023-07-07T13:17:29 IST" name="Example" finished-at="2023-07-07T13:17:35 IST" duration-ms="5901" status="PASS">
          <reporter-output>
          </reporter-output>
        </test-method> <!-- Example -->
      </class> <!-- Selenium_Axes.Axes_facebook -->
    </test> <!-- Default test -->
  </suite> <!-- Default suite -->
</testng-results>
